This is pdfTeX, Version 3.14159265-2.6-1.40.18 (MiKTeX 2.9.6300 64-bit) (preloaded format=pdflatex 2017.5.24)  19 SEP 2018 16:34
entering extended mode
**./MA.tex
(MA.tex
LaTeX2e <2017-04-15>
Babel <3.9r> and hyphenation patterns for 75 language(s) loaded.
(C:\Users\windis\AppData\Roaming\MiKTeX\2.9\tex\latex\koma-script\scrreprt.cls
Document Class: scrreprt 2017/04/13 v3.23 KOMA-Script document class (report)
(C:\Users\windis\AppData\Roaming\MiKTeX\2.9\tex\latex\koma-script\scrkbase.sty
Package: scrkbase 2017/04/13 v3.23 KOMA-Script package (KOMA-Script-dependent b
asics and keyval usage)

(C:\Users\windis\AppData\Roaming\MiKTeX\2.9\tex\latex\koma-script\scrbase.sty
Package: scrbase 2017/04/13 v3.23 KOMA-Script package (KOMA-Script-independent 
basics and keyval usage)

("C:\Program Files\MiKTeX 2.9\tex\latex\graphics\keyval.sty"
Package: keyval 2014/10/28 v1.15 key=value parser (DPC)
\KV@toks@=\toks14
)
(C:\Users\windis\AppData\Roaming\MiKTeX\2.9\tex\latex\koma-script\scrlfile.sty
Package: scrlfile 2017/04/13 v3.23 KOMA-Script package (loading files)

Package scrlfile, 2017/04/13 v3.23 KOMA-Script package (loading files)
                  Copyright (C) Markus Kohm

)))
(C:\Users\windis\AppData\Roaming\MiKTeX\2.9\tex\latex\koma-script\tocbasic.sty
Package: tocbasic 2017/04/13 v3.23 KOMA-Script package (handling toc-files)
\scr@dte@tocline@numberwidth=\skip41
\scr@dte@tocline@numbox=\box26
)
Package tocbasic Info: omitting babel extension for `toc'
(tocbasic)             because of feature `nobabel' available
(tocbasic)             for `toc' on input line 133.
Package tocbasic Info: omitting babel extension for `lof'
(tocbasic)             because of feature `nobabel' available
(tocbasic)             for `lof' on input line 135.
Package tocbasic Info: omitting babel extension for `lot'
(tocbasic)             because of feature `nobabel' available
(tocbasic)             for `lot' on input line 136.
Package tocbasic Info: defining new hook before heading of `' on input line 161
2.
("C:\Program Files\MiKTeX 2.9\tex\latex\base\fleqn.clo"
File: fleqn.clo 2016/12/29 v1.2a Standard LaTeX option (flush left equations)
\mathindent=\dimen102
Applying: [2015/01/01] Make \[ robust on input line 50.
LaTeX Info: Redefining \[ on input line 51.
Already applied: [0000/00/00] Make \[ robust on input line 62.
Applying: [2015/01/01] Make \] robust on input line 74.
LaTeX Info: Redefining \] on input line 75.
Already applied: [0000/00/00] Make \] robust on input line 83.
)
Class scrreprt Info: Switching compatibility level to `3.03'.
Class scrreprt Info: File `scrsize12pt.clo' used to setup font sizes on input l
ine 2272.

(C:\Users\windis\AppData\Roaming\MiKTeX\2.9\tex\latex\koma-script\scrsize12pt.c
lo
File: scrsize12pt.clo 2017/04/13 v3.23 KOMA-Script font size class option (12pt
)
)
(C:\Users\windis\AppData\Roaming\MiKTeX\2.9\tex\latex\koma-script\typearea.sty
Package: typearea 2017/04/13 v3.23 KOMA-Script package (type area)
\ta@bcor=\skip42
\ta@div=\count79
Package typearea Info: Switching compatibility level to `3.03'.
\ta@hblk=\skip43
\ta@vblk=\skip44
\ta@temp=\skip45
\footheight=\skip46
Package typearea Info: These are the values describing the layout:
(typearea)             DIV  = 12
(typearea)             BCOR = 28.45274pt
(typearea)             \paperwidth      = 597.50793pt
(typearea)              \textwidth      = 426.7914pt
(typearea)              DIV departure   = -1%
(typearea)              \evensidemargin = 22.57254pt
(typearea)              \oddsidemargin  = 3.60402pt
(typearea)             \paperheight     = 845.04694pt
(typearea)              \textheight     = 635.5pt
(typearea)              \topmargin      = -41.72441pt
(typearea)              \headheight     = 18.125pt
(typearea)              \headsep        = 21.75pt
(typearea)              \topskip        = 12.0pt
(typearea)              \footskip       = 50.75pt
(typearea)              \baselineskip   = 14.5pt
(typearea)              on input line 1647.
)
\c@part=\count80
\c@chapter=\count81
\c@section=\count82
\c@subsection=\count83
\c@subsubsection=\count84
\c@paragraph=\count85
\c@subparagraph=\count86
\scr@dte@part@maxnumwidth=\skip47
\scr@dte@chapter@maxnumwidth=\skip48
\scr@dte@section@maxnumwidth=\skip49
\scr@dte@subsection@maxnumwidth=\skip50
\scr@dte@subsubsection@maxnumwidth=\skip51
\scr@dte@paragraph@maxnumwidth=\skip52
\scr@dte@subparagraph@maxnumwidth=\skip53
LaTeX Info: Redefining \textsubscript on input line 4841.
\abovecaptionskip=\skip54
\belowcaptionskip=\skip55
\c@pti@nb@sid@b@x=\box27
\c@figure=\count87
\c@table=\count88
Class scrreprt Info: Using old \@makefntext due to compatibility level
(scrreprt)           less than 3.22 on input line 5976.
Class scrreprt Info: Redefining `\numberline' on input line 5988.
\bibindent=\dimen103
) ("C:\Program Files\MiKTeX 2.9\tex\latex\base\inputenc.sty"
Package: inputenc 2015/03/17 v1.2c Input encoding file
\inpenc@prehook=\toks15
\inpenc@posthook=\toks16

("C:\Program Files\MiKTeX 2.9\tex\latex\base\utf8.def"
File: utf8.def 2017/01/28 v1.1t UTF-8 support for inputenc
Now handling font encoding OML ...
... no UTF-8 mapping file for font encoding OML
Now handling font encoding T1 ...
... processing UTF-8 mapping file for font encoding T1

("C:\Program Files\MiKTeX 2.9\tex\latex\base\t1enc.dfu"
File: t1enc.dfu 2017/01/28 v1.1t UTF-8 support for inputenc
   defining Unicode char U+00A0 (decimal 160)
   defining Unicode char U+00A1 (decimal 161)
   defining Unicode char U+00A3 (decimal 163)
   defining Unicode char U+00AB (decimal 171)
   defining Unicode char U+00AD (decimal 173)
   defining Unicode char U+00BB (decimal 187)
   defining Unicode char U+00BF (decimal 191)
   defining Unicode char U+00C0 (decimal 192)
   defining Unicode char U+00C1 (decimal 193)
   defining Unicode char U+00C2 (decimal 194)
   defining Unicode char U+00C3 (decimal 195)
   defining Unicode char U+00C4 (decimal 196)
   defining Unicode char U+00C5 (decimal 197)
   defining Unicode char U+00C6 (decimal 198)
   defining Unicode char U+00C7 (decimal 199)
   defining Unicode char U+00C8 (decimal 200)
   defining Unicode char U+00C9 (decimal 201)
   defining Unicode char U+00CA (decimal 202)
   defining Unicode char U+00CB (decimal 203)
   defining Unicode char U+00CC (decimal 204)
   defining Unicode char U+00CD (decimal 205)
   defining Unicode char U+00CE (decimal 206)
   defining Unicode char U+00CF (decimal 207)
   defining Unicode char U+00D0 (decimal 208)
   defining Unicode char U+00D1 (decimal 209)
   defining Unicode char U+00D2 (decimal 210)
   defining Unicode char U+00D3 (decimal 211)
   defining Unicode char U+00D4 (decimal 212)
   defining Unicode char U+00D5 (decimal 213)
   defining Unicode char U+00D6 (decimal 214)
   defining Unicode char U+00D8 (decimal 216)
   defining Unicode char U+00D9 (decimal 217)
   defining Unicode char U+00DA (decimal 218)
   defining Unicode char U+00DB (decimal 219)
   defining Unicode char U+00DC (decimal 220)
   defining Unicode char U+00DD (decimal 221)
   defining Unicode char U+00DE (decimal 222)
   defining Unicode char U+00DF (decimal 223)
   defining Unicode char U+00E0 (decimal 224)
   defining Unicode char U+00E1 (decimal 225)
   defining Unicode char U+00E2 (decimal 226)
   defining Unicode char U+00E3 (decimal 227)
   defining Unicode char U+00E4 (decimal 228)
   defining Unicode char U+00E5 (decimal 229)
   defining Unicode char U+00E6 (decimal 230)
   defining Unicode char U+00E7 (decimal 231)
   defining Unicode char U+00E8 (decimal 232)
   defining Unicode char U+00E9 (decimal 233)
   defining Unicode char U+00EA (decimal 234)
   defining Unicode char U+00EB (decimal 235)
   defining Unicode char U+00EC (decimal 236)
   defining Unicode char U+00ED (decimal 237)
   defining Unicode char U+00EE (decimal 238)
   defining Unicode char U+00EF (decimal 239)
   defining Unicode char U+00F0 (decimal 240)
   defining Unicode char U+00F1 (decimal 241)
   defining Unicode char U+00F2 (decimal 242)
   defining Unicode char U+00F3 (decimal 243)
   defining Unicode char U+00F4 (decimal 244)
   defining Unicode char U+00F5 (decimal 245)
   defining Unicode char U+00F6 (decimal 246)
   defining Unicode char U+00F8 (decimal 248)
   defining Unicode char U+00F9 (decimal 249)
   defining Unicode char U+00FA (decimal 250)
   defining Unicode char U+00FB (decimal 251)
   defining Unicode char U+00FC (decimal 252)
   defining Unicode char U+00FD (decimal 253)
   defining Unicode char U+00FE (decimal 254)
   defining Unicode char U+00FF (decimal 255)
   defining Unicode char U+0100 (decimal 256)
   defining Unicode char U+0101 (decimal 257)
   defining Unicode char U+0102 (decimal 258)
   defining Unicode char U+0103 (decimal 259)
   defining Unicode char U+0104 (decimal 260)
   defining Unicode char U+0105 (decimal 261)
   defining Unicode char U+0106 (decimal 262)
   defining Unicode char U+0107 (decimal 263)
   defining Unicode char U+0108 (decimal 264)
   defining Unicode char U+0109 (decimal 265)
   defining Unicode char U+010A (decimal 266)
   defining Unicode char U+010B (decimal 267)
   defining Unicode char U+010C (decimal 268)
   defining Unicode char U+010D (decimal 269)
   defining Unicode char U+010E (decimal 270)
   defining Unicode char U+010F (decimal 271)
   defining Unicode char U+0110 (decimal 272)
   defining Unicode char U+0111 (decimal 273)
   defining Unicode char U+0112 (decimal 274)
   defining Unicode char U+0113 (decimal 275)
   defining Unicode char U+0114 (decimal 276)
   defining Unicode char U+0115 (decimal 277)
   defining Unicode char U+0116 (decimal 278)
   defining Unicode char U+0117 (decimal 279)
   defining Unicode char U+0118 (decimal 280)
   defining Unicode char U+0119 (decimal 281)
   defining Unicode char U+011A (decimal 282)
   defining Unicode char U+011B (decimal 283)
   defining Unicode char U+011C (decimal 284)
   defining Unicode char U+011D (decimal 285)
   defining Unicode char U+011E (decimal 286)
   defining Unicode char U+011F (decimal 287)
   defining Unicode char U+0120 (decimal 288)
   defining Unicode char U+0121 (decimal 289)
   defining Unicode char U+0122 (decimal 290)
   defining Unicode char U+0123 (decimal 291)
   defining Unicode char U+0124 (decimal 292)
   defining Unicode char U+0125 (decimal 293)
   defining Unicode char U+0128 (decimal 296)
   defining Unicode char U+0129 (decimal 297)
   defining Unicode char U+012A (decimal 298)
   defining Unicode char U+012B (decimal 299)
   defining Unicode char U+012C (decimal 300)
   defining Unicode char U+012D (decimal 301)
   defining Unicode char U+012E (decimal 302)
   defining Unicode char U+012F (decimal 303)
   defining Unicode char U+0130 (decimal 304)
   defining Unicode char U+0131 (decimal 305)
   defining Unicode char U+0132 (decimal 306)
   defining Unicode char U+0133 (decimal 307)
   defining Unicode char U+0134 (decimal 308)
   defining Unicode char U+0135 (decimal 309)
   defining Unicode char U+0136 (decimal 310)
   defining Unicode char U+0137 (decimal 311)
   defining Unicode char U+0139 (decimal 313)
   defining Unicode char U+013A (decimal 314)
   defining Unicode char U+013B (decimal 315)
   defining Unicode char U+013C (decimal 316)
   defining Unicode char U+013D (decimal 317)
   defining Unicode char U+013E (decimal 318)
   defining Unicode char U+0141 (decimal 321)
   defining Unicode char U+0142 (decimal 322)
   defining Unicode char U+0143 (decimal 323)
   defining Unicode char U+0144 (decimal 324)
   defining Unicode char U+0145 (decimal 325)
   defining Unicode char U+0146 (decimal 326)
   defining Unicode char U+0147 (decimal 327)
   defining Unicode char U+0148 (decimal 328)
   defining Unicode char U+014A (decimal 330)
   defining Unicode char U+014B (decimal 331)
   defining Unicode char U+014C (decimal 332)
   defining Unicode char U+014D (decimal 333)
   defining Unicode char U+014E (decimal 334)
   defining Unicode char U+014F (decimal 335)
   defining Unicode char U+0150 (decimal 336)
   defining Unicode char U+0151 (decimal 337)
   defining Unicode char U+0152 (decimal 338)
   defining Unicode char U+0153 (decimal 339)
   defining Unicode char U+0154 (decimal 340)
   defining Unicode char U+0155 (decimal 341)
   defining Unicode char U+0156 (decimal 342)
   defining Unicode char U+0157 (decimal 343)
   defining Unicode char U+0158 (decimal 344)
   defining Unicode char U+0159 (decimal 345)
   defining Unicode char U+015A (decimal 346)
   defining Unicode char U+015B (decimal 347)
   defining Unicode char U+015C (decimal 348)
   defining Unicode char U+015D (decimal 349)
   defining Unicode char U+015E (decimal 350)
   defining Unicode char U+015F (decimal 351)
   defining Unicode char U+0160 (decimal 352)
   defining Unicode char U+0161 (decimal 353)
   defining Unicode char U+0162 (decimal 354)
   defining Unicode char U+0163 (decimal 355)
   defining Unicode char U+0164 (decimal 356)
   defining Unicode char U+0165 (decimal 357)
   defining Unicode char U+0168 (decimal 360)
   defining Unicode char U+0169 (decimal 361)
   defining Unicode char U+016A (decimal 362)
   defining Unicode char U+016B (decimal 363)
   defining Unicode char U+016C (decimal 364)
   defining Unicode char U+016D (decimal 365)
   defining Unicode char U+016E (decimal 366)
   defining Unicode char U+016F (decimal 367)
   defining Unicode char U+0170 (decimal 368)
   defining Unicode char U+0171 (decimal 369)
   defining Unicode char U+0172 (decimal 370)
   defining Unicode char U+0173 (decimal 371)
   defining Unicode char U+0174 (decimal 372)
   defining Unicode char U+0175 (decimal 373)
   defining Unicode char U+0176 (decimal 374)
   defining Unicode char U+0177 (decimal 375)
   defining Unicode char U+0178 (decimal 376)
   defining Unicode char U+0179 (decimal 377)
   defining Unicode char U+017A (decimal 378)
   defining Unicode char U+017B (decimal 379)
   defining Unicode char U+017C (decimal 380)
   defining Unicode char U+017D (decimal 381)
   defining Unicode char U+017E (decimal 382)
   defining Unicode char U+01CD (decimal 461)
   defining Unicode char U+01CE (decimal 462)
   defining Unicode char U+01CF (decimal 463)
   defining Unicode char U+01D0 (decimal 464)
   defining Unicode char U+01D1 (decimal 465)
   defining Unicode char U+01D2 (decimal 466)
   defining Unicode char U+01D3 (decimal 467)
   defining Unicode char U+01D4 (decimal 468)
   defining Unicode char U+01E2 (decimal 482)
   defining Unicode char U+01E3 (decimal 483)
   defining Unicode char U+01E6 (decimal 486)
   defining Unicode char U+01E7 (decimal 487)
   defining Unicode char U+01E8 (decimal 488)
   defining Unicode char U+01E9 (decimal 489)
   defining Unicode char U+01EA (decimal 490)
   defining Unicode char U+01EB (decimal 491)
   defining Unicode char U+01F0 (decimal 496)
   defining Unicode char U+01F4 (decimal 500)
   defining Unicode char U+01F5 (decimal 501)
   defining Unicode char U+0218 (decimal 536)
   defining Unicode char U+0219 (decimal 537)
   defining Unicode char U+021A (decimal 538)
   defining Unicode char U+021B (decimal 539)
   defining Unicode char U+0232 (decimal 562)
   defining Unicode char U+0233 (decimal 563)
   defining Unicode char U+1E02 (decimal 7682)
   defining Unicode char U+1E03 (decimal 7683)
   defining Unicode char U+200C (decimal 8204)
   defining Unicode char U+2010 (decimal 8208)
   defining Unicode char U+2011 (decimal 8209)
   defining Unicode char U+2012 (decimal 8210)
   defining Unicode char U+2013 (decimal 8211)
   defining Unicode char U+2014 (decimal 8212)
   defining Unicode char U+2015 (decimal 8213)
   defining Unicode char U+2018 (decimal 8216)
   defining Unicode char U+2019 (decimal 8217)
   defining Unicode char U+201A (decimal 8218)
   defining Unicode char U+201C (decimal 8220)
   defining Unicode char U+201D (decimal 8221)
   defining Unicode char U+201E (decimal 8222)
   defining Unicode char U+2030 (decimal 8240)
   defining Unicode char U+2031 (decimal 8241)
   defining Unicode char U+2039 (decimal 8249)
   defining Unicode char U+203A (decimal 8250)
   defining Unicode char U+2423 (decimal 9251)
   defining Unicode char U+1E20 (decimal 7712)
   defining Unicode char U+1E21 (decimal 7713)
)
Now handling font encoding OT1 ...
... processing UTF-8 mapping file for font encoding OT1

("C:\Program Files\MiKTeX 2.9\tex\latex\base\ot1enc.dfu"
File: ot1enc.dfu 2017/01/28 v1.1t UTF-8 support for inputenc
   defining Unicode char U+00A0 (decimal 160)
   defining Unicode char U+00A1 (decimal 161)
   defining Unicode char U+00A3 (decimal 163)
   defining Unicode char U+00AD (decimal 173)
   defining Unicode char U+00B8 (decimal 184)
   defining Unicode char U+00BF (decimal 191)
   defining Unicode char U+00C5 (decimal 197)
   defining Unicode char U+00C6 (decimal 198)
   defining Unicode char U+00D8 (decimal 216)
   defining Unicode char U+00DF (decimal 223)
   defining Unicode char U+00E6 (decimal 230)
   defining Unicode char U+00EC (decimal 236)
   defining Unicode char U+00ED (decimal 237)
   defining Unicode char U+00EE (decimal 238)
   defining Unicode char U+00EF (decimal 239)
   defining Unicode char U+00F8 (decimal 248)
   defining Unicode char U+0131 (decimal 305)
   defining Unicode char U+0141 (decimal 321)
   defining Unicode char U+0142 (decimal 322)
   defining Unicode char U+0152 (decimal 338)
   defining Unicode char U+0153 (decimal 339)
   defining Unicode char U+0174 (decimal 372)
   defining Unicode char U+0175 (decimal 373)
   defining Unicode char U+0176 (decimal 374)
   defining Unicode char U+0177 (decimal 375)
   defining Unicode char U+0218 (decimal 536)
   defining Unicode char U+0219 (decimal 537)
   defining Unicode char U+021A (decimal 538)
   defining Unicode char U+021B (decimal 539)
   defining Unicode char U+2013 (decimal 8211)
   defining Unicode char U+2014 (decimal 8212)
   defining Unicode char U+2018 (decimal 8216)
   defining Unicode char U+2019 (decimal 8217)
   defining Unicode char U+201C (decimal 8220)
   defining Unicode char U+201D (decimal 8221)
)
Now handling font encoding OMS ...
... processing UTF-8 mapping file for font encoding OMS

("C:\Program Files\MiKTeX 2.9\tex\latex\base\omsenc.dfu"
File: omsenc.dfu 2017/01/28 v1.1t UTF-8 support for inputenc
   defining Unicode char U+00A7 (decimal 167)
   defining Unicode char U+00B6 (decimal 182)
   defining Unicode char U+00B7 (decimal 183)
   defining Unicode char U+2020 (decimal 8224)
   defining Unicode char U+2021 (decimal 8225)
   defining Unicode char U+2022 (decimal 8226)
)
Now handling font encoding OMX ...
... no UTF-8 mapping file for font encoding OMX
Now handling font encoding U ...
... no UTF-8 mapping file for font encoding U
   defining Unicode char U+00A9 (decimal 169)
   defining Unicode char U+00AA (decimal 170)
   defining Unicode char U+00AE (decimal 174)
   defining Unicode char U+00BA (decimal 186)
   defining Unicode char U+02C6 (decimal 710)
   defining Unicode char U+02DC (decimal 732)
   defining Unicode char U+200C (decimal 8204)
   defining Unicode char U+2026 (decimal 8230)
   defining Unicode char U+2122 (decimal 8482)
   defining Unicode char U+2423 (decimal 9251)
))
("C:\Program Files\MiKTeX 2.9\tex\latex\base\fontenc.sty"
Package: fontenc 2017/04/05 v2.0i Standard LaTeX package

("C:\Program Files\MiKTeX 2.9\tex\latex\base\t1enc.def"
File: t1enc.def 2017/04/05 v2.0i Standard LaTeX file
LaTeX Font Info:    Redeclaring font encoding T1 on input line 48.
))
("C:\Program Files\MiKTeX 2.9\tex\latex\graphics\color.sty"
Package: color 2016/07/10 v1.1e Standard LaTeX Color (DPC)

("C:\Program Files\MiKTeX 2.9\tex\latex\graphics-cfg\color.cfg"
File: color.cfg 2016/01/02 v1.6 sample color configuration
)
Package color Info: Driver file: pdftex.def on input line 147.

("C:\Program Files\MiKTeX 2.9\tex\latex\graphics-def\pdftex.def"
File: pdftex.def 2017/01/12 v0.06k Graphics/color for pdfTeX

("C:\Program Files\MiKTeX 2.9\tex\generic\oberdiek\infwarerr.sty"
Package: infwarerr 2016/05/16 v1.4 Providing info/warning/error messages (HO)
)
("C:\Program Files\MiKTeX 2.9\tex\generic\oberdiek\ltxcmds.sty"
Package: ltxcmds 2016/05/16 v1.23 LaTeX kernel commands for general use (HO)
)
\Gread@gobject=\count89
))
("C:\Program Files\MiKTeX 2.9\tex\latex\jknappen\mathrsfs.sty"
Package: mathrsfs 1996/01/01 Math RSFS package v1.0 (jk)
\symrsfs=\mathgroup4
)
("C:\Program Files\MiKTeX 2.9\tex\latex\amsmath\amsmath.sty"
Package: amsmath 2016/11/05 v2.16a AMS math features
\@mathmargin=\skip56

For additional information on amsmath, use the `?' option.
("C:\Program Files\MiKTeX 2.9\tex\latex\amsmath\amstext.sty"
Package: amstext 2000/06/29 v2.01 AMS text

("C:\Program Files\MiKTeX 2.9\tex\latex\amsmath\amsgen.sty"
File: amsgen.sty 1999/11/30 v2.0 generic functions
\@emptytoks=\toks17
\ex@=\dimen104
))
("C:\Program Files\MiKTeX 2.9\tex\latex\amsmath\amsbsy.sty"
Package: amsbsy 1999/11/29 v1.2d Bold Symbols
\pmbraise@=\dimen105
)
("C:\Program Files\MiKTeX 2.9\tex\latex\amsmath\amsopn.sty"
Package: amsopn 2016/03/08 v2.02 operator names
)
\inf@bad=\count90
LaTeX Info: Redefining \frac on input line 213.
\uproot@=\count91
\leftroot@=\count92
LaTeX Info: Redefining \overline on input line 375.
\classnum@=\count93
\DOTSCASE@=\count94
LaTeX Info: Redefining \ldots on input line 472.
LaTeX Info: Redefining \dots on input line 475.
LaTeX Info: Redefining \cdots on input line 596.
\Mathstrutbox@=\box28
\strutbox@=\box29
\big@size=\dimen106
LaTeX Font Info:    Redeclaring font encoding OML on input line 712.
LaTeX Font Info:    Redeclaring font encoding OMS on input line 713.
\macc@depth=\count95
\c@MaxMatrixCols=\count96
\dotsspace@=\muskip10
\c@parentequation=\count97
\dspbrk@lvl=\count98
\tag@help=\toks18
\row@=\count99
\column@=\count100
\maxfields@=\count101
\andhelp@=\toks19
\eqnshift@=\dimen107
\alignsep@=\dimen108
\tagshift@=\dimen109
\tagwidth@=\dimen110
\totwidth@=\dimen111
\lineht@=\dimen112
\@envbody=\toks20
\multlinegap=\skip57
\multlinetaggap=\skip58
\mathdisplay@stack=\toks21
LaTeX Info: Redefining \[ on input line 2817.
LaTeX Info: Redefining \] on input line 2818.
)
("C:\Program Files\MiKTeX 2.9\tex\latex\graphics\graphicx.sty"
Package: graphicx 2014/10/28 v1.0g Enhanced LaTeX Graphics (DPC,SPQR)

("C:\Program Files\MiKTeX 2.9\tex\latex\graphics\graphics.sty"
Package: graphics 2017/04/14 v1.1b Standard LaTeX Graphics (DPC,SPQR)

("C:\Program Files\MiKTeX 2.9\tex\latex\graphics\trig.sty"
Package: trig 2016/01/03 v1.10 sin cos tan (DPC)
)
("C:\Program Files\MiKTeX 2.9\tex\latex\graphics-cfg\graphics.cfg"
File: graphics.cfg 2016/06/04 v1.11 sample graphics configuration
)
Package graphics Info: Driver file: pdftex.def on input line 99.
)
\Gin@req@height=\dimen113
\Gin@req@width=\dimen114
)
("C:\Program Files\MiKTeX 2.9\tex\generic\babel\babel.sty"
Package: babel 2016/04/23 3.9r The Babel package

*************************************
* Local config file bblopts.cfg used
*
(C:\Users\windis\AppData\Roaming\MiKTeX\2.9\tex\latex\arabi\bblopts.cfg
File: bblopts.cfg 2005/09/08 v0.1 add Arabic and Farsi to "declared" options of
 babel
)
("C:\Program Files\MiKTeX 2.9\tex\latex\babel-english\english.ldf"
Language: english 2017/01/24 v3.3q English support from the babel system

("C:\Program Files\MiKTeX 2.9\tex\generic\babel\babel.def"
File: babel.def 2016/04/23 3.9r Babel common definitions
\babel@savecnt=\count102
\U@D=\dimen115
)
\l@canadian = a dialect from \language\l@american 
\l@australian = a dialect from \language\l@british 
\l@newzealand = a dialect from \language\l@british 
))
(C:\Users\windis\AppData\Roaming\MiKTeX\2.9\tex\latex\natbib\natbib.sty
Package: natbib 2010/09/13 8.31b (PWD, AO)
\bibhang=\skip59
\bibsep=\skip60
LaTeX Info: Redefining \cite on input line 694.
\c@NAT@ctr=\count103
)
("C:\Program Files\MiKTeX 2.9\tex\latex\hyperref\hyperref.sty"
Package: hyperref 2017/03/14 v6.85a Hypertext links for LaTeX

("C:\Program Files\MiKTeX 2.9\tex\generic\oberdiek\hobsub-hyperref.sty"
Package: hobsub-hyperref 2016/05/16 v1.14 Bundle oberdiek, subset hyperref (HO)


("C:\Program Files\MiKTeX 2.9\tex\generic\oberdiek\hobsub-generic.sty"
Package: hobsub-generic 2016/05/16 v1.14 Bundle oberdiek, subset generic (HO)
Package: hobsub 2016/05/16 v1.14 Construct package bundles (HO)
Package hobsub Info: Skipping package `infwarerr' (already loaded).
Package hobsub Info: Skipping package `ltxcmds' (already loaded).
Package: ifluatex 2016/05/16 v1.4 Provides the ifluatex switch (HO)
Package ifluatex Info: LuaTeX not detected.
Package: ifvtex 2016/05/16 v1.6 Detect VTeX and its facilities (HO)
Package ifvtex Info: VTeX not detected.
Package: intcalc 2016/05/16 v1.2 Expandable calculations with integers (HO)
Package: ifpdf 2017/03/15 v3.2 Provides the ifpdf switch
Package: etexcmds 2016/05/16 v1.6 Avoid name clashes with e-TeX commands (HO)
Package etexcmds Info: Could not find \expanded.
(etexcmds)             That can mean that you are not using pdfTeX 1.50 or
(etexcmds)             that some package has redefined \expanded.
(etexcmds)             In the latter case, load this package earlier.
Package: kvsetkeys 2016/05/16 v1.17 Key value parser (HO)
Package: kvdefinekeys 2016/05/16 v1.4 Define keys (HO)
Package: pdftexcmds 2017/03/19 v0.25 Utility functions of pdfTeX for LuaTeX (HO
)
Package pdftexcmds Info: LuaTeX not detected.
Package pdftexcmds Info: \pdf@primitive is available.
Package pdftexcmds Info: \pdf@ifprimitive is available.
Package pdftexcmds Info: \pdfdraftmode found.
Package: pdfescape 2016/05/16 v1.14 Implements pdfTeX's escape features (HO)
Package: bigintcalc 2016/05/16 v1.4 Expandable calculations on big integers (HO
)
Package: bitset 2016/05/16 v1.2 Handle bit-vector datatype (HO)
Package: uniquecounter 2016/05/16 v1.3 Provide unlimited unique counter (HO)
)
Package hobsub Info: Skipping package `hobsub' (already loaded).
Package: letltxmacro 2016/05/16 v1.5 Let assignment for LaTeX macros (HO)
Package: hopatch 2016/05/16 v1.3 Wrapper for package hooks (HO)
Package: xcolor-patch 2016/05/16 xcolor patch
Package: atveryend 2016/05/16 v1.9 Hooks at the very end of document (HO)
Package atveryend Info: \enddocument detected (standard20110627).
Package: atbegshi 2016/06/09 v1.18 At begin shipout hook (HO)
Package: refcount 2016/05/16 v3.5 Data extraction from label references (HO)
Package: hycolor 2016/05/16 v1.8 Color options for hyperref/bookmark (HO)
)
("C:\Program Files\MiKTeX 2.9\tex\generic\ifxetex\ifxetex.sty"
Package: ifxetex 2010/09/12 v0.6 Provides ifxetex conditional
)
("C:\Program Files\MiKTeX 2.9\tex\latex\oberdiek\auxhook.sty"
Package: auxhook 2016/05/16 v1.4 Hooks for auxiliary files (HO)
)
("C:\Program Files\MiKTeX 2.9\tex\latex\oberdiek\kvoptions.sty"
Package: kvoptions 2016/05/16 v3.12 Key value format for package options (HO)
)
\@linkdim=\dimen116
\Hy@linkcounter=\count104
\Hy@pagecounter=\count105

("C:\Program Files\MiKTeX 2.9\tex\latex\hyperref\pd1enc.def"
File: pd1enc.def 2017/03/14 v6.85a Hyperref: PDFDocEncoding definition (HO)
Now handling font encoding PD1 ...
... no UTF-8 mapping file for font encoding PD1
)
\Hy@SavedSpaceFactor=\count106

("C:\Program Files\MiKTeX 2.9\tex\latex\00miktex\hyperref.cfg"
File: hyperref.cfg 2002/06/06 v1.2 hyperref configuration of TeXLive
)
Package hyperref Info: Hyper figures OFF on input line 4498.
Package hyperref Info: Link nesting OFF on input line 4503.
Package hyperref Info: Hyper index ON on input line 4506.
Package hyperref Info: Plain pages OFF on input line 4513.
Package hyperref Info: Backreferencing OFF on input line 4518.
Package hyperref Info: Implicit mode ON; LaTeX internals redefined.
Package hyperref Info: Bookmarks ON on input line 4751.
\c@Hy@tempcnt=\count107

(C:\Users\windis\AppData\Roaming\MiKTeX\2.9\tex\latex\url\url.sty
\Urlmuskip=\muskip11
Package: url 2013/09/16  ver 3.4  Verb mode for urls, etc.
)
LaTeX Info: Redefining \url on input line 5104.
\XeTeXLinkMargin=\dimen117
\Fld@menulength=\count108
\Field@Width=\dimen118
\Fld@charsize=\dimen119
Package hyperref Info: Hyper figures OFF on input line 6358.
Package hyperref Info: Link nesting OFF on input line 6363.
Package hyperref Info: Hyper index ON on input line 6366.
Package hyperref Info: backreferencing OFF on input line 6373.
Package hyperref Info: Link coloring OFF on input line 6378.
Package hyperref Info: Link coloring with OCG OFF on input line 6383.
Package hyperref Info: PDF/A mode OFF on input line 6388.
LaTeX Info: Redefining \ref on input line 6428.
LaTeX Info: Redefining \pageref on input line 6432.
\Hy@abspage=\count109
\c@Item=\count110
\c@Hfootnote=\count111
)

Package hyperref Message: Driver (autodetected): hpdftex.

("C:\Program Files\MiKTeX 2.9\tex\latex\hyperref\hpdftex.def"
File: hpdftex.def 2017/03/14 v6.85a Hyperref driver for pdfTeX
\Fld@listcount=\count112
\c@bookmark@seq@number=\count113

("C:\Program Files\MiKTeX 2.9\tex\latex\oberdiek\rerunfilecheck.sty"
Package: rerunfilecheck 2016/05/16 v1.8 Rerun checks for auxiliary files (HO)
Package uniquecounter Info: New unique counter `rerunfilecheck' on input line 2
82.
)
\Hy@SectionHShift=\skip61
)
("C:\Program Files\MiKTeX 2.9\tex\latex\amsfonts\amsfonts.sty"
Package: amsfonts 2013/01/14 v3.01 Basic AMSFonts support
\symAMSa=\mathgroup5
\symAMSb=\mathgroup6
LaTeX Font Info:    Overwriting math alphabet `\mathfrak' in version `bold'
(Font)                  U/euf/m/n --> U/euf/b/n on input line 106.
)
(C:\Users\windis\AppData\Roaming\MiKTeX\2.9\tex\latex\caption\subcaption.sty
Package: subcaption 2016/05/22 v1.1-161 Sub-captions (AR)

(C:\Users\windis\AppData\Roaming\MiKTeX\2.9\tex\latex\caption\caption.sty
Package: caption 2016/02/21 v3.3-144 Customizing captions (AR)

(C:\Users\windis\AppData\Roaming\MiKTeX\2.9\tex\latex\caption\caption3.sty
Package: caption3 2016/05/22 v1.7-166 caption3 kernel (AR)
Package caption3 Info: TeX engine: e-TeX on input line 67.
\captionmargin=\dimen120
\captionmargin@=\dimen121
\captionwidth=\dimen122
\caption@tempdima=\dimen123
\caption@indent=\dimen124
\caption@parindent=\dimen125
\caption@hangindent=\dimen126
)
Package caption Info: KOMA-Script document class.
\c@ContinuedFloat=\count114
Package caption Info: hyperref package is loaded.
)
\c@subfigure=\count115
\c@subtable=\count116
)
(C:\Users\windis\AppData\Roaming\MiKTeX\2.9\tex\latex\algorithms\algorithm.sty
Package: algorithm 2009/08/24 v0.1 Document Style `algorithm' - floating enviro
nment

("C:\Program Files\MiKTeX 2.9\tex\latex\float\float.sty"
Package: float 2001/11/08 v1.3d Float enhancements (AL)
\c@float@type=\count117
\float@exts=\toks22
\float@box=\box30
\@float@everytoks=\toks23
\@floatcapt=\box31
)
("C:\Program Files\MiKTeX 2.9\tex\latex\base\ifthen.sty"
Package: ifthen 2014/09/29 v1.1c Standard LaTeX ifthen package (DPC)
)
\@float@every@algorithm=\toks24
\c@algorithm=\count118
)
(C:\Users\windis\AppData\Roaming\MiKTeX\2.9\tex\latex\algorithmicx\algpseudocod
e.sty
Package: algpseudocode 

(C:\Users\windis\AppData\Roaming\MiKTeX\2.9\tex\latex\algorithmicx\algorithmicx
.sty
Package: algorithmicx 2005/04/27 v1.2 Algorithmicx

Document Style algorithmicx 1.2 - a greatly improved `algorithmic' style
\c@ALG@line=\count119
\c@ALG@rem=\count120
\c@ALG@nested=\count121
\ALG@tlm=\skip62
\ALG@thistlm=\skip63
\c@ALG@Lnr=\count122
\c@ALG@blocknr=\count123
\c@ALG@storecount=\count124
\c@ALG@tmpcounter=\count125
\ALG@tmplength=\skip64
)
Document Style - pseudocode environments for use with the `algorithmicx' style
)
Package hyperref Info: Option `colorlinks' set `true' on input line 41.
 (C:\Users\windis\AppData\Roaming\MiKTeX\2.9\tex\latex\enumitem\enumitem.sty
Package: enumitem 2011/09/28 v3.5.2 Customized lists
\labelindent=\skip65
\enit@outerparindent=\dimen127
\enit@toks=\toks25
\enit@inbox=\box32
\enitdp@description=\count126
)
(MA.aux (titlepages-eng.aux) (abstracts.aux) (introduction.aux) (theory.aux)
(related_work.aux) (experimental_setup.aux) (the_algorithm.aux) (discussion.aux
) (references.bib.aux) (deposition.aux))
\openout1 = `MA.aux'.

LaTeX Font Info:    Checking defaults for OML/cmm/m/it on input line 47.
LaTeX Font Info:    ... okay on input line 47.
LaTeX Font Info:    Checking defaults for T1/cmr/m/n on input line 47.
LaTeX Font Info:    ... okay on input line 47.
LaTeX Font Info:    Checking defaults for OT1/cmr/m/n on input line 47.
LaTeX Font Info:    ... okay on input line 47.
LaTeX Font Info:    Checking defaults for OMS/cmsy/m/n on input line 47.
LaTeX Font Info:    ... okay on input line 47.
LaTeX Font Info:    Checking defaults for OMX/cmex/m/n on input line 47.
LaTeX Font Info:    ... okay on input line 47.
LaTeX Font Info:    Checking defaults for U/cmr/m/n on input line 47.
LaTeX Font Info:    ... okay on input line 47.
LaTeX Font Info:    Checking defaults for PD1/pdf/m/n on input line 47.
LaTeX Font Info:    ... okay on input line 47.

(C:\Users\windis\AppData\Roaming\MiKTeX\2.9\tex\context\base\supp-pdf.mkii
[Loading MPS to PDF converter (version 2006.09.02).]
\scratchcounter=\count127
\scratchdimen=\dimen128
\scratchbox=\box33
\nofMPsegments=\count128
\nofMParguments=\count129
\everyMPshowfont=\toks26
\MPscratchCnt=\count130
\MPscratchDim=\dimen129
\MPnumerator=\count131
\makeMPintoPDFobject=\count132
\everyMPtoPDFconversion=\toks27
) ("C:\Program Files\MiKTeX 2.9\tex\latex\oberdiek\epstopdf-base.sty"
Package: epstopdf-base 2016/05/15 v2.6 Base part for package epstopdf

("C:\Program Files\MiKTeX 2.9\tex\latex\oberdiek\grfext.sty"
Package: grfext 2016/05/16 v1.2 Manage graphics extensions (HO)
)
Package epstopdf-base Info: Redefining graphics rule for `.eps' on input line 4
38.
Package grfext Info: Graphics extension search list:
(grfext)             [.png,.pdf,.jpg,.mps,.jpeg,.jbig2,.jb2,.PNG,.PDF,.JPG,.JPE
G,.JBIG2,.JB2,.eps]
(grfext)             \AppendGraphicsExtensions on input line 456.
)
\AtBeginShipoutBox=\box34
Package hyperref Info: Link coloring ON on input line 47.

("C:\Program Files\MiKTeX 2.9\tex\latex\hyperref\nameref.sty"
Package: nameref 2016/05/21 v2.44 Cross-referencing by name of section

("C:\Program Files\MiKTeX 2.9\tex\generic\oberdiek\gettitlestring.sty"
Package: gettitlestring 2016/05/16 v1.5 Cleanup title references (HO)
)
\c@section@level=\count133
)
LaTeX Info: Redefining \ref on input line 47.
LaTeX Info: Redefining \pageref on input line 47.
LaTeX Info: Redefining \nameref on input line 47.

(MA.out) (MA.out)
\@outlinefile=\write3
\openout3 = `MA.out'.

Package caption Info: Begin \AtBeginDocument code.
Package caption Info: float package is loaded.
Package caption Info: End \AtBeginDocument code.
\openout2 = `titlepages-eng.aux'.

 (titlepages-eng.tex
LaTeX Font Info:    Try loading font information for T1+cmss on input line 12.

("C:\Program Files\MiKTeX 2.9\tex\latex\base\t1cmss.fd"
File: t1cmss.fd 2014/09/29 v2.5h Standard LaTeX font definitions
) [1


{C:/Users/windis/AppData/Local/MiKTeX/2.9/pdftex/config/pdftex.map}]) [2]
\openout2 = `abstracts.aux'.

 (abstracts.tex
(abstract-ger.tex

Package natbib Warning: Citation `loremIpsum' on page 3 undefined on input line
 2.

)
LaTeX Font Info:    Try loading font information for U+rsfs on input line 19.
 ("C:\Program Files\MiKTeX 2.9\tex\latex\jknappen\ursfs.fd"
File: ursfs.fd 1998/03/24 rsfs font definition file (jk)
)
LaTeX Font Info:    Try loading font information for U+msa on input line 19.

("C:\Program Files\MiKTeX 2.9\tex\latex\amsfonts\umsa.fd"
File: umsa.fd 2013/01/14 v3.01 AMS symbols A
)
LaTeX Font Info:    Try loading font information for U+msb on input line 19.

("C:\Program Files\MiKTeX 2.9\tex\latex\amsfonts\umsb.fd"
File: umsb.fd 2013/01/14 v3.01 AMS symbols B
) (abstract-eng.tex

Package natbib Warning: Citation `loremIpsum' on page 3 undefined on input line
 2.

)) [3


] (MA.toc [4


])
\tf@toc=\write4
\openout4 = `MA.toc'.

 [5]
\openout2 = `introduction.aux'.

 (introduction.tex
chapter 1.

Class scrreprt Warning: \float@addtolists detected!
(scrreprt)              Implementation of \float@addtolist became
(scrreprt)              deprecated in KOMA-Script v3.01 2008/11/14 and
(scrreprt)              has been replaced by several more flexible
(scrreprt)              features of package `tocbasic`.
(scrreprt)              Since Version 3.12 support for deprecated
(scrreprt)              \float@addtolist interface has been
(scrreprt)              restricted to only some of the KOMA-Script
(scrreprt)              features and been removed from others.
(scrreprt)              Loading of package `scrhack' may help to
(scrreprt)              avoid this warning, if you are using a
(scrreprt)              a package that still implements the
(scrreprt)              deprecated \float@addtolist interface .

) [6


]
\openout2 = `theory.aux'.

 (theory.tex
chapter 2.
<images/reflection.png, id=242, 134.00063pt x 80.80188pt>
File: images/reflection.png Graphic file (type png)

<use images/reflection.png>
Package pdftex.def Info: images/reflection.png used on input line 16.
(pdftex.def)             Requested size: 128.03871pt x 77.20642pt.

Underfull \hbox (badness 10000) in paragraph at lines 17--17
[][][]|\T1/cmr/m/n/10.95 Re-flec-tion: in-ci-dent
 []


Underfull \hbox (badness 5667) in paragraph at lines 17--17
\T1/cmr/m/n/10.95 light beam gets re-
 []

<images/refraction.png, id=244, 139.01938pt x 120.45pt>
File: images/refraction.png Graphic file (type png)

<use images/refraction.png>
Package pdftex.def Info: images/refraction.png used on input line 22.
(pdftex.def)             Requested size: 128.03871pt x 110.93846pt.

Underfull \hbox (badness 2443) in paragraph at lines 23--23
[][][]|\T1/cmr/m/n/10.95 Re-frac-tion: re-fracted
 []


Underfull \hbox (badness 5189) in paragraph at lines 23--23
\T1/cmr/m/n/10.95 light beam gets re-
 []


Underfull \hbox (badness 6526) in paragraph at lines 23--23
\T1/cmr/m/n/10.95 fracted ac-cord-ing to
 []

<images/total_reflection.png, id=245, 139.01938pt x 120.45pt>
File: images/total_reflection.png Graphic file (type png)

<use images/total_reflection.png>
Package pdftex.def Info: images/total_reflection.png used on input line 28.
(pdftex.def)             Requested size: 128.03871pt x 110.93846pt.
 [7



] [8 <./images/reflection.png> <./images/refraction.png> <./images/total_reflec
tion.png>]
<images/bubble_refraction.png, id=272, 134.00063pt x 80.80188pt>
File: images/bubble_refraction.png Graphic file (type png)

<use images/bubble_refraction.png>
Package pdftex.def Info: images/bubble_refraction.png used on input line 52.
(pdftex.def)             Requested size: 128.03871pt x 77.20642pt.

<images/bubble_simulation.png, id=273, 499.8675pt x 253.94875pt>
File: images/bubble_simulation.png Graphic file (type png)

<use images/bubble_simulation.png>
Package pdftex.def Info: images/bubble_simulation.png used on input line 59.
(pdftex.def)             Requested size: 128.03871pt x 65.04863pt.

Underfull \hbox (badness 1210) in paragraph at lines 60--60
\T1/cmr/m/n/10.95 ray trac-ing with two
 []

<images/coord_sys.png, id=277, 332.24126pt x 266.9975pt>
File: images/coord_sys.png Graphic file (type png)

<use images/coord_sys.png>
Package pdftex.def Info: images/coord_sys.png used on input line 77.
(pdftex.def)             Requested size: 132.89413pt x 106.79709pt.
 [9 <./images/bubble_refraction.png> <./images/bubble_simulation.png>] [10 <./i
mages/coord_sys.png>]
<graphs/gauss_sigma_2.png, id=301, 433.62pt x 289.08pt>
File: graphs/gauss_sigma_2.png Graphic file (type png)

<use graphs/gauss_sigma_2.png>
Package pdftex.def Info: graphs/gauss_sigma_2.png used on input line 156.
(pdftex.def)             Requested size: 128.03871pt x 85.35725pt.

Underfull \hbox (badness 10000) in paragraph at lines 157--157
[][][]|\T1/cmr/m/n/10.95 1D Gaus-sian sig-nal
 []

<images/gauss_sigma_2.png, id=302, 433.62pt x 289.08pt>
File: images/gauss_sigma_2.png Graphic file (type png)

<use images/gauss_sigma_2.png>
Package pdftex.def Info: images/gauss_sigma_2.png used on input line 161.
(pdftex.def)             Requested size: 128.03871pt x 85.35725pt.

Underfull \hbox (badness 10000) in paragraph at lines 162--162
[][][]|\T1/cmr/m/n/10.95 2D Gaus-sian sig-nal
 []

<images/lena_orig.png, id=303, 289.08pt x 282.05376pt>
File: images/lena_orig.png Graphic file (type png)

<use images/lena_orig.png>
Package pdftex.def Info: images/lena_orig.png used on input line 166.
(pdftex.def)             Requested size: 128.03871pt x 124.92606pt.

<images/lena_smooth.png, id=304, 289.08pt x 282.05376pt>
File: images/lena_smooth.png Graphic file (type png)

<use images/lena_smooth.png>
Package pdftex.def Info: images/lena_smooth.png used on input line 172.
(pdftex.def)             Requested size: 128.03871pt x 124.92606pt.

<graphs/edges_intro.png, id=305, 428.60126pt x 355.3275pt>
File: graphs/edges_intro.png Graphic file (type png)

<use graphs/edges_intro.png>
Package pdftex.def Info: graphs/edges_intro.png used on input line 188.
(pdftex.def)             Requested size: 342.88147pt x 284.26237pt.


Package caption Warning: \label without proper reference on input line 186.
See the caption package documentation for explanation.


LaTeX Warning: Reference `fig:edges_intro' on page 11 undefined on input line 1
91.

[11] [12 <./graphs/gauss_sigma_2.png> <./images/gauss_sigma_2.png> <./images/le
na_orig.png> <./images/lena_smooth.png>] [13 <./graphs/edges_intro.png>]
LaTeX Font Info:    Try loading font information for OMS+cmr on input line 222.


("C:\Program Files\MiKTeX 2.9\tex\latex\base\omscmr.fd"
File: omscmr.fd 2014/09/29 v2.5h Standard LaTeX font definitions
)
LaTeX Font Info:    Font shape `OMS/cmr/m/n' in size <12> not available
(Font)              Font shape `OMS/cmsy/m/n' tried instead on input line 222.

<images/lena_orig_sobel.png, id=338, 452.69125pt x 231.86626pt>
File: images/lena_orig_sobel.png Graphic file (type png)

<use images/lena_orig_sobel.png>
Package pdftex.def Info: images/lena_orig_sobel.png used on input line 273.
(pdftex.def)             Requested size: 226.34506pt x 115.93283pt.

<images/structure_tensor_intro.png, id=339, 120.45pt x 75.28125pt>
File: images/structure_tensor_intro.png Graphic file (type png)

<use images/structure_tensor_intro.png>
Package pdftex.def Info: images/structure_tensor_intro.png used on input line 2
82.
(pdftex.def)             Requested size: 120.44969pt x 75.28105pt.
 [14] [15 <./images/lena_orig_sobel.png> <./images/structure_tensor_intro.png>]

<images/structure_tensor_demo.png, id=371, 436.63126pt x 414.54875pt>
File: images/structure_tensor_demo.png Graphic file (type png)

<use images/structure_tensor_demo.png>
Package pdftex.def Info: images/structure_tensor_demo.png used on input line 38
6.
(pdftex.def)             Requested size: 174.6494pt x 165.81656pt.

<images/object_detection_intro.png, id=373, 403.00563pt x 139.52126pt>
File: images/object_detection_intro.png Graphic file (type png)

<use images/object_detection_intro.png>
Package pdftex.def Info: images/object_detection_intro.png used on input line 3
98.
(pdftex.def)             Requested size: 403.00464pt x 139.5209pt.


Package natbib Warning: Citation `faster_rcnn' on page 16 undefined on input li
ne 403.


Package natbib Warning: Citation `YOLO' on page 16 undefined on input line 403.


[16] [17 <./images/structure_tensor_demo.png> <./images/object_detection_intro.
png>] <images/training_intro.png, id=395, 392.46625pt x 175.65625pt>
File: images/training_intro.png Graphic file (type png)

<use images/training_intro.png>
Package pdftex.def Info: images/training_intro.png used on input line 413.
(pdftex.def)             Requested size: 392.46527pt x 175.6558pt.

Overfull \hbox (157.72871pt too wide) in paragraph at lines 413--414
[][] 
 []

<images/testing_intro.png, id=396, 365.365pt x 132.495pt>
File: images/testing_intro.png Graphic file (type png)

<use images/testing_intro.png>
Package pdftex.def Info: images/testing_intro.png used on input line 417.
(pdftex.def)             Requested size: 365.3641pt x 132.49466pt.

Overfull \hbox (130.62755pt too wide) in paragraph at lines 417--418
[][] 
 []

[18] [19 <./images/training_intro.png> <./images/testing_intro.png>]
<images/iou_def.png, id=409, 534.99875pt x 257.96375pt>
File: images/iou_def.png Graphic file (type png)

<use images/iou_def.png>
Package pdftex.def Info: images/iou_def.png used on input line 437.
(pdftex.def)             Requested size: 267.49872pt x 128.98155pt.
) [20 <./images/iou_def.png>]
\openout2 = `related_work.aux'.

 (related_work.tex
chapter 3.

Package caption Warning: \label without proper reference on input line 26.
See the caption package documentation for explanation.


LaTeX Warning: Reference `fig:bright_field' on page 21 undefined on input line 
7.

<images/bright_field_method.png, id=421, 899.36pt x 349.305pt>
File: images/bright_field_method.png Graphic file (type png)

<use images/bright_field_method.png>
Package pdftex.def Info: images/bright_field_method.png used on input line 12.
(pdftex.def)             Requested size: 359.73763pt x 139.71951pt.

Overfull \hbox (125.00107pt too wide) in paragraph at lines 12--13
[][] 
 []

<images/bright_field_result.png, id=422, 233.87375pt x 143.53625pt>
File: images/bright_field_result.png Graphic file (type png)

<use images/bright_field_result.png>
Package pdftex.def Info: images/bright_field_result.png used on input line 17.
(pdftex.def)             Requested size: 233.87315pt x 143.53589pt.

<images/bright_field_calibration_target.png, id=423, 642.4pt x 481.8pt>
File: images/bright_field_calibration_target.png Graphic file (type png)

<use images/bright_field_calibration_target.png>
Package pdftex.def Info: images/bright_field_calibration_target.png used on inp
ut line 22.
(pdftex.def)             Requested size: 192.72148pt x 144.5411pt.
 [21



] [22 <./images/bright_field_method.png> <./images/bright_field_result.png> <./
images/bright_field_calibration_target.png>]
<images/bubble_optical_imaging_instrument.png, id=439, 309.155pt x 363.3575pt>
File: images/bubble_optical_imaging_instrument.png Graphic file (type png)

<use images/bubble_optical_imaging_instrument.png>
Package pdftex.def Info: images/bubble_optical_imaging_instrument.png used on i
nput line 44.
(pdftex.def)             Requested size: 123.6598pt x 145.34041pt.

<images/sample_result_optical_imaging_instrument.png, id=440, 359.3425pt x 216.
81pt>
File: images/sample_result_optical_imaging_instrument.png Graphic file (type pn
g)
 <use images/sample_result_optical_imaging_instrument.png>
Package pdftex.def Info: images/sample_result_optical_imaging_instrument.png us
ed on input line 50.
(pdftex.def)             Requested size: 251.53802pt x 151.76596pt.

Overfull \hbox (16.80147pt too wide) in paragraph at lines 50--51
[][] 
 []

) [23 <./images/bubble_optical_imaging_instrument.png> <./images/sample_result_
optical_imaging_instrument.png>]
\openout2 = `experimental_setup.aux'.

 (experimental_setup.tex
chapter 4.

LaTeX Warning: Reference `fig:aelotron_setup' on page 24 undefined on input lin
e 5.

<images/aquarium_setup.png, id=451, 280.54813pt x 197.23688pt>
File: images/aquarium_setup.png Graphic file (type png)

<use images/aquarium_setup.png>
Package pdftex.def Info: images/aquarium_setup.png used on input line 14.
(pdftex.def)             Requested size: 280.54742pt x 197.23637pt.
 [24



] [25 <./images/aquarium_setup.png>]
<images/aeolotron-gesamt.jpg, id=471, 1445.4pt x 1284.8pt>
File: images/aeolotron-gesamt.jpg Graphic file (type jpg)

<use images/aeolotron-gesamt.jpg>
Package pdftex.def Info: images/aeolotron-gesamt.jpg used on input line 80.
(pdftex.def)             Requested size: 144.54846pt x 128.48752pt.

<images/aeolotron_setup.png, id=472, 291.58937pt x 185.69376pt>
File: images/aeolotron_setup.png Graphic file (type png)

<use images/aeolotron_setup.png>
Package pdftex.def Info: images/aeolotron_setup.png used on input line 86.
(pdftex.def)             Requested size: 233.2718pt x 148.55519pt.

<images/aquarium_result_sat.png, id=473, 507.8975pt x 429.605pt>
File: images/aquarium_result_sat.png Graphic file (type png)

<use images/aquarium_result_sat.png>
Package pdftex.def Info: images/aquarium_result_sat.png used on input line 100.

(pdftex.def)             Requested size: 406.31856pt x 343.68446pt.

Overfull \hbox (171.582pt too wide) in paragraph at lines 100--101
 [][] 
 []

<images/aquarium_result_surf.png, id=476, 1092.08pt x 979.66pt>
File: images/aquarium_result_surf.png Graphic file (type png)

<use images/aquarium_result_surf.png>
Package pdftex.def Info: images/aquarium_result_surf.png used on input line 106
.
(pdftex.def)             Requested size: 327.62653pt x 293.90027pt.

Overfull \hbox (92.88997pt too wide) in paragraph at lines 106--107
 [][] 
 []


LaTeX Warning: Float too large for page by 136.58472pt on input line 112.

<images/aquarium_result_high_conc.jpg, id=477, 903.375pt x 1445.4pt>
File: images/aquarium_result_high_conc.jpg Graphic file (type jpg)

<use images/aquarium_result_high_conc.jpg>
Package pdftex.def Info: images/aquarium_result_high_conc.jpg used on input lin
e 116.
(pdftex.def)             Requested size: 271.01459pt x 433.62335pt.

<images/aeolotron_result.png, id=478, 1486.05188pt x 1467.98438pt>
File: images/aeolotron_result.png Graphic file (type png)

<use images/aeolotron_result.png>
Package pdftex.def Info: images/aeolotron_result.png used on input line 123.
(pdftex.def)             Requested size: 445.819pt x 440.39871pt.

Overfull \hbox (19.0276pt too wide) in paragraph at lines 123--124
 [][] 
 []


Underfull \vbox (badness 3396) has occurred while \output is active []

 [26]
[27 <./images/aeolotron-gesamt.jpg> <./images/aeolotron_setup.png>] [28 <./imag
es/aquarium_result_sat.png> <./images/aquarium_result_surf.png>] [29 <./images/
aquarium_result_high_conc.jpg>] [30 <./images/aeolotron_result.png>]
<images/depth_of_field_setup.png, id=514, 1003.75pt x 1003.75pt>
File: images/depth_of_field_setup.png Graphic file (type png)

<use images/depth_of_field_setup.png>
Package pdftex.def Info: images/depth_of_field_setup.png used on input line 140
.
(pdftex.def)             Requested size: 200.74644pt x 200.74644pt.

<images/dof_calib_1.png, id=515, 260.975pt x 210.7875pt>
File: images/dof_calib_1.png Graphic file (type png)

<use images/dof_calib_1.png>
Package pdftex.def Info: images/dof_calib_1.png used on input line 148.
(pdftex.def)             Requested size: 130.48718pt x 105.3935pt.

<images/dof_calib_2.png, id=516, 260.975pt x 210.7875pt>
File: images/dof_calib_2.png Graphic file (type png)

<use images/dof_calib_2.png>
Package pdftex.def Info: images/dof_calib_2.png used on input line 154.
(pdftex.def)             Requested size: 130.48718pt x 105.3935pt.

<images/radius_setup.png, id=522, 1003.75pt x 1003.75pt>
File: images/radius_setup.png Graphic file (type png)

<use images/radius_setup.png>
Package pdftex.def Info: images/radius_setup.png used on input line 167.
(pdftex.def)             Requested size: 200.74644pt x 200.74644pt.
 [31 <./images/depth_of_field_setup.png>]
<images/rad_calib_1.png, id=533, 200.75pt x 200.75pt>
File: images/rad_calib_1.png Graphic file (type png)

<use images/rad_calib_1.png>
Package pdftex.def Info: images/rad_calib_1.png used on input line 176.
(pdftex.def)             Requested size: 200.7495pt x 200.7495pt.

<images/rad_calib_2.png, id=534, 200.75pt x 200.75pt>
File: images/rad_calib_2.png Graphic file (type png)

<use images/rad_calib_2.png>
Package pdftex.def Info: images/rad_calib_2.png used on input line 181.
(pdftex.def)             Requested size: 200.7495pt x 200.7495pt.

<images/rad_calib_3.png, id=535, 200.75pt x 200.75pt>
File: images/rad_calib_3.png Graphic file (type png)

<use images/rad_calib_3.png>
Package pdftex.def Info: images/rad_calib_3.png used on input line 186.
(pdftex.def)             Requested size: 200.7495pt x 200.7495pt.

<images/rad_calib_4.png, id=536, 200.75pt x 200.75pt>
File: images/rad_calib_4.png Graphic file (type png)

<use images/rad_calib_4.png>
Package pdftex.def Info: images/rad_calib_4.png used on input line 191.
(pdftex.def)             Requested size: 200.7495pt x 200.7495pt.

Overfull \hbox (45.2922pt too wide) in paragraph at lines 174--194
[][] []
 []


Overfull \hbox (45.2922pt too wide) in paragraph at lines 174--194
[] [] 
 []

) [32 <./images/dof_calib_1.png> <./images/dof_calib_2.png>] [33 <./images/radi
us_setup.png>] [34 <./images/rad_calib_1.png> <./images/rad_calib_2.png> <./ima
ges/rad_calib_3.png> <./images/rad_calib_4.png>]
\openout2 = `the_algorithm.aux'.

 (the_algorithm.tex
chapter 5.

LaTeX Warning: Reference `eq:radius_calib' on page 35 undefined on input line 2
7.


LaTeX Warning: Reference `eq:dof' on page 35 undefined on input line 28.

Package hyperref Info: bookmark level for unknown algorithm defaults to 0 on in
put line 35.
[35



] [36] <images/one_peaks.png, id=582, 21.07875pt x 23.08624pt>
File: images/one_peaks.png Graphic file (type png)

<use images/one_peaks.png>
Package pdftex.def Info: images/one_peaks.png used on input line 60.
(pdftex.def)             Requested size: 189.70807pt x 207.7755pt.

Overfull \hbox (18.99413pt too wide) in paragraph at lines 60--61
[][] 
 []

<graphs/one_peaks_profile.png, id=583, 598.235pt x 350.30875pt>
File: graphs/one_peaks_profile.png Graphic file (type png)

<use graphs/one_peaks_profile.png>
Package pdftex.def Info: graphs/one_peaks_profile.png used on input line 65.
(pdftex.def)             Requested size: 299.11676pt x 175.15395pt.

Overfull \hbox (85.72107pt too wide) in paragraph at lines 65--66
[][] 
 []

<graphs/peak_distance_radius_fit.png, id=584, 398.48875pt x 263.98625pt>
File: graphs/peak_distance_radius_fit.png Graphic file (type png)

<use graphs/peak_distance_radius_fit.png>
Package pdftex.def Info: graphs/peak_distance_radius_fit.png used on input line
 74.
(pdftex.def)             Requested size: 278.94022pt x 184.78911pt.

<images/cnn_architecture.png, id=587, 590.205pt x 316.18124pt>
File: images/cnn_architecture.png Graphic file (type png)

<use images/cnn_architecture.png>
Package pdftex.def Info: images/cnn_architecture.png used on input line 95.
(pdftex.def)             Requested size: 295.10178pt x 158.09023pt.
 [37] [38 <./images/one_peaks.png> <./graphs/one_peaks_profile.png>] [39 <./gra
phs/peak_distance_radius_fit.png> <./images/cnn_architecture.png>] [40]

LaTeX Warning: Reference `algo:getCurve' on page 41 undefined on input line 199
.


LaTeX Warning: Reference `eq:dof' on page 41 undefined on input line 202.


LaTeX Warning: Reference `rand_forest_class' on page 41 undefined on input line
 223.

[41] <images/larger_ev.png, id=631, 359.3425pt x 327.2225pt>
File: images/larger_ev.png Graphic file (type png)

<use images/larger_ev.png>
Package pdftex.def Info: images/larger_ev.png used on input line 238.
(pdftex.def)             Requested size: 179.6708pt x 163.61084pt.

<images/smaller_ev.png, id=632, 355.3275pt x 327.2225pt>
File: images/smaller_ev.png Graphic file (type png)

<use images/smaller_ev.png>
Package pdftex.def Info: images/smaller_ev.png used on input line 244.
(pdftex.def)             Requested size: 177.6633pt x 163.61084pt.

<images/struct_tensor_orientation.png, id=633, 550.055pt x 518.93875pt>
File: images/struct_tensor_orientation.png Graphic file (type png)

<use images/struct_tensor_orientation.png>
Package pdftex.def Info: images/struct_tensor_orientation.png used on input lin
e 250.
(pdftex.def)             Requested size: 275.02682pt x 259.46873pt.

Overfull \hbox (40.29027pt too wide) in paragraph at lines 250--251
[][] 
 []


LaTeX Warning: Float too large for page by 50.99037pt on input line 256.

<images/struct_tensor_result_2.png, id=634, 559.08875pt x 509.905pt>
File: images/struct_tensor_result_2.png Graphic file (type png)

<use images/struct_tensor_result_2.png>
Package pdftex.def Info: images/struct_tensor_result_2.png used on input line 2
60.
(pdftex.def)             Requested size: 279.54369pt x 254.95187pt.

<images/curve_from_orientation.png, id=637, 273.27094pt x 171.64125pt>
File: images/curve_from_orientation.png Graphic file (type png)

<use images/curve_from_orientation.png>
Package pdftex.def Info: images/curve_from_orientation.png used on input line 2
77.
(pdftex.def)             Requested size: 273.27025pt x 171.64081pt.

<images/subpixel_sampling.png, id=638, 146.5475pt x 54.2025pt>
File: images/subpixel_sampling.png Graphic file (type png)

<use images/subpixel_sampling.png>
Package pdftex.def Info: images/subpixel_sampling.png used on input line 284.
(pdftex.def)             Requested size: 146.54712pt x 54.20236pt.

<images/sampling_result.png, id=640, 189.70876pt x 187.19937pt>
File: images/sampling_result.png Graphic file (type png)

<use images/sampling_result.png>
Package pdftex.def Info: images/sampling_result.png used on input line 300.
(pdftex.def)             Requested size: 151.7672pt x 149.75969pt.

<graphs/circle_fit.png, id=641, 295.1025pt x 203.76125pt>
File: graphs/circle_fit.png Graphic file (type png)

<use graphs/circle_fit.png>
Package pdftex.def Info: graphs/circle_fit.png used on input line 307.
(pdftex.def)             Requested size: 206.57033pt x 142.6319pt.

<images/bubbleCurve_final_result.png, id=642, 98.86937pt x 87.82813pt>
File: images/bubbleCurve_final_result.png Graphic file (type png)

<use images/bubbleCurve_final_result.png>
Package pdftex.def Info: images/bubbleCurve_final_result.png used on input line
 322.
(pdftex.def)             Requested size: 98.86913pt x 87.8279pt.


LaTeX Warning: Reference `fig:final_result' on page 42 undefined on input line 
326.

[42] [43 <./images/larger_ev.png> <./images/smaller_ev.png> <./images/struct_te
nsor_orientation.png>] [44 <./images/struct_tensor_result_2.png> <./images/curv
e_from_orientation.png> <./images/subpixel_sampling.png>] [45 <./images/samplin
g_result.png> <./graphs/circle_fit.png> <./images/bubbleCurve_final_result.png>
] <graphs/peak_profile_fit.png, id=680, 433.62pt x 289.08pt>
File: graphs/peak_profile_fit.png Graphic file (type png)

<use graphs/peak_profile_fit.png>
Package pdftex.def Info: graphs/peak_profile_fit.png used on input line 344.
(pdftex.def)             Requested size: 173.44492pt x 115.62994pt.

<images/dof_calibration_measurement.png, id=681, 461.725pt x 425.59pt>
File: images/dof_calibration_measurement.png Graphic file (type png)

<use images/dof_calibration_measurement.png>
Package pdftex.def Info: images/dof_calibration_measurement.png used on input l
ine 350.
(pdftex.def)             Requested size: 184.68672pt x 170.23297pt.

<images/dof_calibration_fit.png, id=682, 529.98pt x 517.935pt>
File: images/dof_calibration_fit.png Graphic file (type png)

<use images/dof_calibration_fit.png>
Package pdftex.def Info: images/dof_calibration_fit.png used on input line 356.

(pdftex.def)             Requested size: 211.98824pt x 207.17032pt.
) [46] [47 <./graphs/peak_profile_fit.png> <./images/dof_calibration_measuremen
t.png> <./images/dof_calibration_fit.png>]
\openout2 = `discussion.aux'.


No file discussion.tex.
\openout2 = `references.bib.aux'.

No file references.bib.tex.

Class scrreprt Warning: You are using `\begin{appendix}...\end{appendix}'.
(scrreprt)              You should note, that `\appendix' is a mostly globally
(scrreprt)              working command not an enviroment with only local
(scrreprt)              effects. Therefore `\end{appendix}' will neither
(scrreprt)              switch back to normal section numbering nor finish
(scrreprt)              every other effect of `\begin{appendix}'.
(scrreprt)              Nevertheless, some effects may end with
(scrreprt)              `\end{appendix}' and the document may become
(scrreprt)              inconsistent.
(scrreprt)              Because of this, you should remove `\end{appendix}'
(scrreprt)              and replace `\begin{appendix}' by command
(scrreprt)              `\appendix' on input line 64.

[48






]
chapter A.
(MA.lof [49

])
\tf@lof=\write5
\openout5 = `MA.lof'.

 (MA.lot)
\tf@lot=\write6
\openout6 = `MA.lot'.


No file MA.bbl.
[50]
\openout2 = `deposition.aux'.

 (deposition.tex) [51

]

Package natbib Warning: There were undefined citations.

Package atveryend Info: Empty hook `BeforeClearDocument' on input line 73.
Package atveryend Info: Empty hook `AfterLastShipout' on input line 73.
(MA.aux (titlepages-eng.aux) (abstracts.aux) (introduction.aux) (theory.aux)
(related_work.aux) (experimental_setup.aux) (the_algorithm.aux) (discussion.aux
) (references.bib.aux) (deposition.aux))
Package atveryend Info: Executing hook `AtVeryEndDocument' on input line 73.
Package atveryend Info: Executing hook `AtEndAfterFileList' on input line 73.
Package rerunfilecheck Info: File `MA.out' has not changed.
(rerunfilecheck)             Checksum: 28E4D4A789B1DC848447B87A7265F1A5;2546.


LaTeX Warning: There were undefined references.

Package atveryend Info: Empty hook `AtVeryVeryEnd' on input line 73.
 ) 
Here is how much of TeX's memory you used:
 11979 strings out of 493328
 191858 string characters out of 3139121
 386492 words of memory out of 3000000
 15009 multiletter control sequences out of 15000+200000
 26197 words of font info for 65 fonts, out of 3000000 for 9000
 1141 hyphenation exceptions out of 8191
 49i,10n,80p,8815b,603s stack positions out of 5000i,500n,10000p,200000b,50000s
 <C:\Users\windis\AppData\Local\MiKTeX\2.9\fonts\pk\ljfour\jknappen\ec\dpi600
\ecrm0800.pk> <C:\Users\windis\AppData\Local\MiKTeX\2.9\fonts\pk\ljfour\jknappe
n\ec\dpi600\ecrm1000.pk> <C:\Users\windis\AppData\Local\MiKTeX\2.9\fonts\pk\ljf
our\jknappen\ec\dpi600\ecti1200.pk> <C:\Users\windis\AppData\Local\MiKTeX\2.9\f
onts\pk\ljfour\jknappen\ec\dpi600\ecbi1200.pk> <C:\Users\windis\AppData\Local\M
iKTeX\2.9\fonts\pk\ljfour\jknappen\ec\dpi600\ecbx1200.pk> <C:\Users\windis\AppD
ata\Local\MiKTeX\2.9\fonts\pk\ljfour\jknappen\ec\dpi600\ecsx1440.pk> <C:\Users\
windis\AppData\Local\MiKTeX\2.9\fonts\pk\ljfour\jknappen\ec\dpi600\ecrm1200.pk>
 <C:\Users\windis\AppData\Local\MiKTeX\2.9\fonts\pk\ljfour\jknappen\ec\dpi600\e
csx1200.pk> <C:\Users\windis\AppData\Local\MiKTeX\2.9\fonts\pk\ljfour\jknappen\
ec\dpi600\ecsx2074.pk> <C:\Users\windis\AppData\Local\MiKTeX\2.9\fonts\pk\ljfou
r\jknappen\ec\dpi600\ecrm1095.pk> <C:\Users\windis\AppData\Local\MiKTeX\2.9\fon
ts\pk\ljfour\jknappen\ec\dpi600\ecbx1095.pk> <C:\Users\windis\AppData\Local\MiK
TeX\2.9\fonts\pk\ljfour\jknappen\ec\dpi600\ecsx1728.pk> <C:\Users\windis\AppDat
a\Local\MiKTeX\2.9\fonts\pk\ljfour\jknappen\ec\dpi600\ecrm1440.pk> <C:\Users\wi
ndis\AppData\Local\MiKTeX\2.9\fonts\pk\ljfour\jknappen\ec\dpi600\ecss1440.pk> <
C:\Users\windis\AppData\Local\MiKTeX\2.9\fonts\pk\ljfour\jknappen\ec\dpi600\ecs
s1728.pk><C:/Program Files/MiKTeX 2.9/fonts/type1/public/amsfonts/cm/cmbx12.pfb
><C:/Program Files/MiKTeX 2.9/fonts/type1/public/amsfonts/cm/cmbx8.pfb><C:/Prog
ram Files/MiKTeX 2.9/fonts/type1/public/amsfonts/cm/cmex10.pfb><C:/Program File
s/MiKTeX 2.9/fonts/type1/public/amsfonts/cm/cmmi10.pfb><C:/Program Files/MiKTeX
 2.9/fonts/type1/public/amsfonts/cm/cmmi12.pfb><C:/Program Files/MiKTeX 2.9/fon
ts/type1/public/amsfonts/cm/cmmi8.pfb><C:/Program Files/MiKTeX 2.9/fonts/type1/
public/amsfonts/cm/cmr10.pfb><C:/Program Files/MiKTeX 2.9/fonts/type1/public/am
sfonts/cm/cmr12.pfb><C:/Program Files/MiKTeX 2.9/fonts/type1/public/amsfonts/cm
/cmr8.pfb><C:/Program Files/MiKTeX 2.9/fonts/type1/public/amsfonts/cm/cmsy10.pf
b><C:/Program Files/MiKTeX 2.9/fonts/type1/public/amsfonts/cm/cmsy6.pfb><C:/Pro
gram Files/MiKTeX 2.9/fonts/type1/public/amsfonts/cm/cmsy8.pfb><C:/Program File
s/MiKTeX 2.9/fonts/type1/public/amsfonts/symbols/msam10.pfb><C:/Program Files/M
iKTeX 2.9/fonts/type1/public/rsfs/rsfs10.pfb>
Output written on MA.pdf (51 pages, 7514570 bytes).
PDF statistics:
 1377 PDF objects out of 1440 (max. 8388607)
 183 named destinations out of 1000 (max. 500000)
 583 words of extra memory for PDF output out of 10000 (max. 10000000)

