\BOOKMARK [0][-]{chapter.1}{Introduction}{}% 1
\BOOKMARK [0][-]{chapter.2}{Theory}{}% 2
\BOOKMARK [1][-]{section.2.1}{Bubble physics}{chapter.2}% 3
\BOOKMARK [2][-]{subsection.2.1.1}{Reflection and Refraction}{section.2.1}% 4
\BOOKMARK [2][-]{subsection.2.1.2}{Bubble-light interaction}{section.2.1}% 5
\BOOKMARK [1][-]{section.2.2}{Image processing}{chapter.2}% 6
\BOOKMARK [2][-]{subsection.2.2.1}{Fourier theory}{section.2.2}% 7
\BOOKMARK [2][-]{subsection.2.2.2}{Convolution}{section.2.2}% 8
\BOOKMARK [2][-]{subsection.2.2.3}{Smoothing}{section.2.2}% 9
\BOOKMARK [2][-]{subsection.2.2.4}{Edges and Derivation}{section.2.2}% 10
\BOOKMARK [2][-]{subsection.2.2.5}{Orientation and Structure Tensor}{section.2.2}% 11
\BOOKMARK [1][-]{section.2.3}{The object detection problem}{chapter.2}% 12
\BOOKMARK [2][-]{subsection.2.3.1}{Classification}{section.2.3}% 13
\BOOKMARK [2][-]{subsection.2.3.2}{Evaluation Criteria: IoU@p-mAP}{section.2.3}% 14
\BOOKMARK [0][-]{chapter.3}{Related Work}{}% 15
\BOOKMARK [1][-]{section.3.1}{Bright field method}{chapter.3}% 16
\BOOKMARK [1][-]{section.3.2}{Bubble optical imaging instrument}{chapter.3}% 17
\BOOKMARK [0][-]{chapter.4}{Experimental Setup}{}% 18
\BOOKMARK [1][-]{section.4.1}{Requirements}{chapter.4}% 19
\BOOKMARK [1][-]{section.4.2}{Aquarium Setup}{chapter.4}% 20
\BOOKMARK [1][-]{section.4.3}{Aeolotron Setup}{chapter.4}% 21
\BOOKMARK [1][-]{section.4.4}{Measurement result}{chapter.4}% 22
\BOOKMARK [1][-]{section.4.5}{Calibration}{chapter.4}% 23
\BOOKMARK [2][-]{subsection.4.5.1}{Depth of Field}{section.4.5}% 24
\BOOKMARK [2][-]{subsection.4.5.2}{Radius}{section.4.5}% 25
